03/02/2019 23:34:53 devpinoyLogger Browser launched
03/02/2019 23:35:03 devpinoyLogger URL opened
03/02/2019 23:35:23 devpinoyLogger Browser launched
03/02/2019 23:35:34 devpinoyLogger URL opened
03/02/2019 23:35:35 devpinoyLogger Mouse hover Done
03/02/2019 23:35:41 devpinoyLogger Sign in button is clicked
03/02/2019 23:49:07 devpinoyLogger Browser launched
03/02/2019 23:49:19 devpinoyLogger URL opened
03/02/2019 23:49:20 devpinoyLogger Mouse hover Done
03/02/2019 23:49:24 devpinoyLogger Sign in button is clicked
03/02/2019 23:51:02 devpinoyLogger Browser launched
03/02/2019 23:51:10 devpinoyLogger URL opened
03/02/2019 23:51:10 devpinoyLogger Mouse hover Done
03/02/2019 23:51:13 devpinoyLogger Sign in button is clicked
03/02/2019 23:52:55 devpinoyLogger Browser launched
03/02/2019 23:53:05 devpinoyLogger URL opened
03/02/2019 23:53:05 devpinoyLogger Mouse hover Done
03/02/2019 23:53:08 devpinoyLogger Sign in button is clicked
03/02/2019 23:57:01 devpinoyLogger Browser launched
03/02/2019 23:57:11 devpinoyLogger URL opened
03/02/2019 23:57:12 devpinoyLogger Mouse hover Done
03/02/2019 23:57:15 devpinoyLogger Sign in button is clicked
03/02/2019 23:58:14 devpinoyLogger Browser launched
03/02/2019 23:58:24 devpinoyLogger URL opened
03/02/2019 23:58:28 devpinoyLogger Sign in button is clicked
03/02/2019 23:58:30 devpinoyLogger *********PASS****************
03/02/2019 23:58:36 devpinoyLogger Browser launched
03/02/2019 23:58:47 devpinoyLogger URL opened
03/02/2019 23:58:52 devpinoyLogger Sign in button is clicked
03/02/2019 23:58:53 devpinoyLogger *********PASS****************
03/02/2019 23:59:00 devpinoyLogger Browser launched
03/02/2019 23:59:09 devpinoyLogger URL opened
03/02/2019 23:59:13 devpinoyLogger Sign in button is clicked
03/02/2019 23:59:14 devpinoyLogger *********PASS****************
03/02/2019 23:59:21 devpinoyLogger Browser launched
03/02/2019 23:59:30 devpinoyLogger URL opened
03/02/2019 23:59:34 devpinoyLogger Sign in button is clicked
03/02/2019 23:59:36 devpinoyLogger *********PASS****************
03/02/2019 23:59:43 devpinoyLogger Browser launched
